2022/12/12 17:12:03 {ReadingThread} [INFO] %PARSER_ERROR[io].github.ydwk.bot.getLogger: 
  _____                                         _                _     _              __     __  _____   __          __  _  __
 / ____|                                       | |              | |   | |             \ \   / / |  __ \  \ \        / / | |/ /
| |        ___    _ __    _ __     ___    ___  | |_    ___    __| |   | |_    ___      \ \_/ /  | |  | |  \ \  /\  / /  | ' / 
| |       / _ \  | '_ \  | '_ \   / _ \  / __| | __|  / _ \  / _` |   | __|  / _ \      \   /   | |  | |   \ \/  \/ /   |  <  
| |____  | (_) | | | | | | | | | |  __/ | (__  | |_  |  __/ | (_| |   | |_  | (_) |      | |    | |__| |    \  /\  /    | . \ 
 \_____|  \___/  |_| |_| |_| |_|  \___|  \___|  \__|  \___|  \__,_|    \__|  \___/       |_|    |_____/      \/  \/     |_|\_\
2022/12/12 17:12:04 {DefaultDispatcher-worker-1} [INFO] %PARSER_ERROR[io].github.ydwk.bot.getLogger: Bot is ready
2022/14/12 17:14:39 {ReadingThread} [INFO] io.github.ydwk.ydwk.ws.WebSocketManager: 
  _____                                         _                _     _              __     __  _____   __          __  _  __
 / ____|                                       | |              | |   | |             \ \   / / |  __ \  \ \        / / | |/ /
| |        ___    _ __    _ __     ___    ___  | |_    ___    __| |   | |_    ___      \ \_/ /  | |  | |  \ \  /\  / /  | ' / 
| |       / _ \  | '_ \  | '_ \   / _ \  / __| | __|  / _ \  / _` |   | __|  / _ \      \   /   | |  | |   \ \/  \/ /   |  <  
| |____  | (_) | | | | | | | | | |  __/ | (__  | |_  |  __/ | (_| |   | |_  | (_) |      | |    | |__| |    \  /\  /    | . \ 
 \_____|  \___/  |_| |_| |_| |_|  \___|  \___|  \__|  \___|  \__,_|    \__|  \___/       |_|    |_____/      \/  \/     |_|\_\
2022/14/12 17:14:40 {DefaultDispatcher-worker-1} [INFO] Main: Bot is ready
2022/45/12 17:45:28 {WritingThread} [INFO] io.github.ydwk.ydwk.ws.WebSocketManager: 
  _____                                         _                _     _              __     __  _____   __          __  _  __
 / ____|                                       | |              | |   | |             \ \   / / |  __ \  \ \        / / | |/ /
| |        ___    _ __    _ __     ___    ___  | |_    ___    __| |   | |_    ___      \ \_/ /  | |  | |  \ \  /\  / /  | ' / 
| |       / _ \  | '_ \  | '_ \   / _ \  / __| | __|  / _ \  / _` |   | __|  / _ \      \   /   | |  | |   \ \/  \/ /   |  <  
| |____  | (_) | | | | | | | | | |  __/ | (__  | |_  |  __/ | (_| |   | |_  | (_) |      | |    | |__| |    \  /\  /    | . \ 
 \_____|  \___/  |_| |_| |_| |_|  \___|  \___|  \__|  \___|  \__,_|    \__|  \___/       |_|    |_____/      \/  \/     |_|\_\
2022/50/12 17:50:42 {ReadingThread} [INFO] io.github.ydwk.ydwk.ws.WebSocketManager: 
  _____                                         _                _     _              __     __  _____   __          __  _  __
 / ____|                                       | |              | |   | |             \ \   / / |  __ \  \ \        / / | |/ /
| |        ___    _ __    _ __     ___    ___  | |_    ___    __| |   | |_    ___      \ \_/ /  | |  | |  \ \  /\  / /  | ' / 
| |       / _ \  | '_ \  | '_ \   / _ \  / __| | __|  / _ \  / _` |   | __|  / _ \      \   /   | |  | |   \ \/  \/ /   |  <  
| |____  | (_) | | | | | | | | | |  __/ | (__  | |_  |  __/ | (_| |   | |_  | (_) |      | |    | |__| |    \  /\  /    | . \ 
 \_____|  \___/  |_| |_| |_| |_|  \___|  \___|  \__|  \___|  \__,_|    \__|  \___/       |_|    |_____/      \/  \/     |_|\_\
2022/50/12 17:50:43 {DefaultDispatcher-worker-1} [INFO] Main: Bot is ready
2022/50/12 17:50:53 {ReadingThread} [INFO] io.github.ydwk.ydwk.ws.WebSocketManager: 
  _____                                         _                _     _              __     __  _____   __          __  _  __
 / ____|                                       | |              | |   | |             \ \   / / |  __ \  \ \        / / | |/ /
| |        ___    _ __    _ __     ___    ___  | |_    ___    __| |   | |_    ___      \ \_/ /  | |  | |  \ \  /\  / /  | ' / 
| |       / _ \  | '_ \  | '_ \   / _ \  / __| | __|  / _ \  / _` |   | __|  / _ \      \   /   | |  | |   \ \/  \/ /   |  <  
| |____  | (_) | | | | | | | | | |  __/ | (__  | |_  |  __/ | (_| |   | |_  | (_) |      | |    | |__| |    \  /\  /    | . \ 
 \_____|  \___/  |_| |_| |_| |_|  \___|  \___|  \__|  \___|  \__,_|    \__|  \___/       |_|    |_____/      \/  \/     |_|\_\
2022/51/12 17:51:15 {ReadingThread} [INFO] io.github.ydwk.ydwk.ws.WebSocketManager: 
  _____                                         _                _     _              __     __  _____   __          __  _  __
 / ____|                                       | |              | |   | |             \ \   / / |  __ \  \ \        / / | |/ /
| |        ___    _ __    _ __     ___    ___  | |_    ___    __| |   | |_    ___      \ \_/ /  | |  | |  \ \  /\  / /  | ' / 
| |       / _ \  | '_ \  | '_ \   / _ \  / __| | __|  / _ \  / _` |   | __|  / _ \      \   /   | |  | |   \ \/  \/ /   |  <  
| |____  | (_) | | | | | | | | | |  __/ | (__  | |_  |  __/ | (_| |   | |_  | (_) |      | |    | |__| |    \  /\  /    | . \ 
 \_____|  \___/  |_| |_| |_| |_|  \___|  \___|  \__|  \___|  \__,_|    \__|  \___/       |_|    |_____/      \/  \/     |_|\_\
2022/51/12 17:51:15 {ReadingThread} [DEBUG] io.github.ydwk.ydwk.ws.WebSocketManager: Received event {"t":null,"s":null,"op":10,"d":{"heartbeat_interval":41250,"_trace":["[\"gateway-prd-us-east1-d-njs4\",{\"micros\":0.0}]"]}}
2022/51/12 17:51:15 {ReadingThread} [DEBUG] io.github.ydwk.ydwk.ws.WebSocketManager: Received 10 - HELLO
2022/51/12 17:51:15 {ReadingThread} [DEBUG] io.github.ydwk.ydwk.ws.WebSocketManager: Received event {"t":null,"s":null,"op":11,"d":null}
2022/51/12 17:51:15 {ReadingThread} [DEBUG] io.github.ydwk.ydwk.ws.WebSocketManager: Received 11 - HEARTBEAT_ACK
2022/51/12 17:51:15 {ReadingThread} [DEBUG] io.github.ydwk.ydwk.ws.util.HeartBeat: Heartbeat acknowledged, took 125ms
2022/51/12 17:51:15 {ReadingThread} [DEBUG] io.github.ydwk.ydwk.ws.WebSocketManager: Received event {"t":"READY","s":1,"op":0,"d":{"v":10,"user_settings":{},"user":{"verified":true,"username":"YDWK","mfa_enabled":true,"id":"1051911419265818734","flags":0,"email":null,"discriminator":"9012","bot":true,"avatar":"c458b0152f0fa474131adc493a5eac3d"},"session_type":"normal","session_id":"db7f8aed934cecdde59d4405f8953243","resume_gateway_url":"wss://gateway-us-east1-d.discord.gg","relationships":[],"private_channels":[],"presences":[],"guilds":[{"unavailable":true,"id":"1045714326956290078"}],"guild_join_requests":[],"geo_ordered_rtc_regions":["rotterdam","frankfurt","milan","stockholm","madrid"],"application":{"id":"1051911419265818734","flags":8953856},"_trace":["[\"gateway-prd-us-east1-d-njs4\",{\"micros\":117947,\"calls\":[\"id_created\",{\"micros\":959,\"calls\":[]},\"session_lookup_time\",{\"micros\":7383,\"calls\":[]},\"session_lookup_finished\",{\"micros\":10,\"calls\":[]},\"discord-sessions-blue-prd-2-21\",{\"micros\":108991,\"calls\":[\"start_session\",{\"micros\":51932,\"calls\":[\"discord-api-68f9c898f8-9vxt6\",{\"micros\":45699,\"calls\":[\"get_user\",{\"micros\":13062},\"get_guilds\",{\"micros\":5647},\"send_scheduled_deletion_message\",{\"micros\":10},\"guild_join_requests\",{\"micros\":141},\"authorized_ip_coro\",{\"micros\":10}]}]},\"starting_guild_connect\",{\"micros\":56,\"calls\":[]},\"presence_started\",{\"micros\":30705,\"calls\":[]},\"guilds_started\",{\"micros\":90,\"calls\":[]},\"guilds_connect\",{\"micros\":2,\"calls\":[]},\"presence_connect\",{\"micros\":26161,\"calls\":[]},\"connect_finished\",{\"micros\":26164,\"calls\":[]},\"build_ready\",{\"micros\":19,\"calls\":[]},\"optimize_ready\",{\"micros\":0,\"calls\":[]},\"split_ready\",{\"micros\":1,\"calls\":[]},\"clean_ready\",{\"micros\":23,\"calls\":[]}]}]}]"]}}
2022/51/12 17:51:15 {OkHttp https://discord.com/...} [DEBUG] io.github.ydwk.ydwk.rest.type.SimilarRestApi: The request completed successfully.
2022/51/12 17:51:15 {OkHttp https://discord.com/...} [DEBUG] io.github.ydwk.ydwk.rest.type.SimilarRestApi: The request completed successfully.
2022/51/12 17:51:15 {main} [DEBUG] io.github.ydwk.ydwk.impl.YDWKImpl: Global slash command uptime already exists, updating...
2022/51/12 17:51:16 {OkHttp https://discord.com/...} [DEBUG] io.github.ydwk.ydwk.rest.type.SimilarRestApi: The request completed successfully.
2022/54/12 17:54:20 {ReadingThread} [INFO] io.github.ydwk.ydwk.ws.WebSocketManager: 
  _____                                         _                _     _              __     __  _____   __          __  _  __
 / ____|                                       | |              | |   | |             \ \   / / |  __ \  \ \        / / | |/ /
| |        ___    _ __    _ __     ___    ___  | |_    ___    __| |   | |_    ___      \ \_/ /  | |  | |  \ \  /\  / /  | ' / 
| |       / _ \  | '_ \  | '_ \   / _ \  / __| | __|  / _ \  / _` |   | __|  / _ \      \   /   | |  | |   \ \/  \/ /   |  <  
| |____  | (_) | | | | | | | | | |  __/ | (__  | |_  |  __/ | (_| |   | |_  | (_) |      | |    | |__| |    \  /\  /    | . \ 
 \_____|  \___/  |_| |_| |_| |_|  \___|  \___|  \__|  \___|  \__,_|    \__|  \___/       |_|    |_____/      \/  \/     |_|\_\
2022/57/12 17:57:00 {WritingThread} [INFO] io.github.ydwk.ydwk.ws.WebSocketManager: 
  _____                                         _                _     _              __     __  _____   __          __  _  __
 / ____|                                       | |              | |   | |             \ \   / / |  __ \  \ \        / / | |/ /
| |        ___    _ __    _ __     ___    ___  | |_    ___    __| |   | |_    ___      \ \_/ /  | |  | |  \ \  /\  / /  | ' / 
| |       / _ \  | '_ \  | '_ \   / _ \  / __| | __|  / _ \  / _` |   | __|  / _ \      \   /   | |  | |   \ \/  \/ /   |  <  
| |____  | (_) | | | | | | | | | |  __/ | (__  | |_  |  __/ | (_| |   | |_  | (_) |      | |    | |__| |    \  /\  /    | . \ 
 \_____|  \___/  |_| |_| |_| |_|  \___|  \___|  \__|  \___|  \__,_|    \__|  \___/       |_|    |_____/      \/  \/     |_|\_\
2022/57/12 17:57:14 {ReadingThread} [INFO] io.github.ydwk.ydwk.ws.WebSocketManager: 
  _____                                         _                _     _              __     __  _____   __          __  _  __
 / ____|                                       | |              | |   | |             \ \   / / |  __ \  \ \        / / | |/ /
| |        ___    _ __    _ __     ___    ___  | |_    ___    __| |   | |_    ___      \ \_/ /  | |  | |  \ \  /\  / /  | ' / 
| |       / _ \  | '_ \  | '_ \   / _ \  / __| | __|  / _ \  / _` |   | __|  / _ \      \   /   | |  | |   \ \/  \/ /   |  <  
| |____  | (_) | | | | | | | | | |  __/ | (__  | |_  |  __/ | (_| |   | |_  | (_) |      | |    | |__| |    \  /\  /    | . \ 
 \_____|  \___/  |_| |_| |_| |_|  \___|  \___|  \__|  \___|  \__,_|    \__|  \___/       |_|    |_____/      \/  \/     |_|\_\
2022/57/12 17:57:14 {DefaultDispatcher-worker-1} [INFO] Main: Bot is ready
2022/02/12 18:02:08 {ReadingThread} [INFO] io.github.ydwk.ydwk.ws.WebSocketManager: 
  _____                                         _                _     _              __     __  _____   __          __  _  __
 / ____|                                       | |              | |   | |             \ \   / / |  __ \  \ \        / / | |/ /
| |        ___    _ __    _ __     ___    ___  | |_    ___    __| |   | |_    ___      \ \_/ /  | |  | |  \ \  /\  / /  | ' / 
| |       / _ \  | '_ \  | '_ \   / _ \  / __| | __|  / _ \  / _` |   | __|  / _ \      \   /   | |  | |   \ \/  \/ /   |  <  
| |____  | (_) | | | | | | | | | |  __/ | (__  | |_  |  __/ | (_| |   | |_  | (_) |      | |    | |__| |    \  /\  /    | . \ 
 \_____|  \___/  |_| |_| |_| |_|  \___|  \___|  \__|  \___|  \__,_|    \__|  \___/       |_|    |_____/      \/  \/     |_|\_\
2022/02/12 18:02:09 {DefaultDispatcher-worker-1} [INFO] Main: Bot is ready
